The system is: Linux - 6.6.31-fb-i.mx6ull+ - armv7l
Compiling the C compiler identification source file "CMakeCCompilerId.c" succeeded.
Compiler: /usr/bin/cc 
Build flags: 
Id flags:  

The output was:
0


Compilation of the C compiler identification source "CMakeCCompilerId.c" produced "a.out"

The C compiler identification is GNU, found in "/home/debian/wisun-br-linux-inesh/build/CMakeFiles/3.25.1/CompilerIdC/a.out"

Compiling the CXX compiler identification source file "CMakeCXXCompilerId.cpp" succeeded.
Compiler: /usr/bin/c++ 
Build flags: 
Id flags:  

The output was:
0


Compilation of the CXX compiler identification source "CMakeCXXCompilerId.cpp" produced "a.out"

The CXX compiler identification is GNU, found in "/home/debian/wisun-br-linux-inesh/build/CMakeFiles/3.25.1/CompilerIdCXX/a.out"

Detecting C compiler ABI info compiled with the following output:
Change Dir: /home/debian/wisun-br-linux-inesh/build/CMakeFiles/CMakeScratch/TryCompile-UjJOBC

Run Build Command(s):/usr/bin/ninja cmTC_c9e3c && [1/2] Building C object CMakeFiles/cmTC_c9e3c.dir/CMakeCCompilerABI.c.o
Using built-in specs.
COLLECT_GCC=/usr/bin/cc
Target: arm-linux-gnueabihf
Configured with: ../src/configure -v --with-pkgversion='Debian 12.2.0-14' --with-bugurl=file:///usr/share/doc/gcc-12/README.Bugs --enable-languages=c,ada,c++,go,d,fortran,objc,obj-c++,m2 --prefix=/usr --with-gcc-major-version-only --program-suffix=-12 --program-prefix=arm-linux-gnueabihf- --enable-shared --enable-linker-build-id --libexecdir=/usr/lib --without-included-gettext --enable-threads=posix --libdir=/usr/lib --enable-nls --enable-clocale=gnu --enable-libstdcxx-debug --enable-libstdcxx-time=yes --with-default-libstdcxx-abi=new --enable-gnu-unique-object --disable-libitm --disable-libquadmath --disable-libquadmath-support --enable-plugin --enable-default-pie --with-system-zlib --enable-libphobos-checking=release --with-target-system-zlib=auto --enable-objc-gc=auto --enable-multiarch --disable-sjlj-exceptions --with-arch=armv7-a+fp --with-float=hard --with-mode=thumb --disable-werror --enable-checking=release --build=arm-linux-gnueabihf --host=arm-linux-gnueabihf --target=arm-linux-gnueabihf
Thread model: posix
Supported LTO compression algorithms: zlib zstd
gcc version 12.2.0 (Debian 12.2.0-14) 
COLLECT_GCC_OPTIONS='-v' '-o' 'CMakeFiles/cmTC_c9e3c.dir/CMakeCCompilerABI.c.o' '-c'  '-mfloat-abi=hard' '-mtls-dialect=gnu' '-mthumb' '-mlibarch=armv7-a+fp' '-march=armv7-a+fp' '-dumpdir' 'CMakeFiles/cmTC_c9e3c.dir/'
 /usr/lib/gcc/arm-linux-gnueabihf/12/cc1 -quiet -v -imultilib . -imultiarch arm-linux-gnueabihf /usr/share/cmake-3.25/Modules/CMakeCCompilerABI.c -quiet -dumpdir CMakeFiles/cmTC_c9e3c.dir/ -dumpbase CMakeCCompilerABI.c.c -dumpbase-ext .c -mfloat-abi=hard -mtls-dialect=gnu -mthumb -mlibarch=armv7-a+fp -march=armv7-a+fp -version -o /tmp/ccG8moUZ.s
GNU C17 (Debian 12.2.0-14) version 12.2.0 (arm-linux-gnueabihf)
	compiled by GNU C version 12.2.0, GMP version 6.2.1, MPFR version 4.1.1-p1, MPC version 1.3.1, isl version isl-0.25-GMP

warning: MPFR header version 4.1.1-p1 differs from library version 4.2.0.
GGC heuristics: --param ggc-min-expand=63 --param ggc-min-heapsize=62294
ignoring nonexistent directory "/usr/local/include/arm-linux-gnueabihf"
ignoring nonexistent directory "/usr/lib/gcc/arm-linux-gnueabihf/12/include-fixed"
ignoring nonexistent directory "/usr/lib/gcc/arm-linux-gnueabihf/12/../../../../arm-linux-gnueabihf/include"
#include "..." search starts here:
#include <...> search starts here:
 /usr/lib/gcc/arm-linux-gnueabihf/12/include
 /usr/local/include
 /usr/include/arm-linux-gnueabihf
 /usr/include
End of search list.
GNU C17 (Debian 12.2.0-14) version 12.2.0 (arm-linux-gnueabihf)
	compiled by GNU C version 12.2.0, GMP version 6.2.1, MPFR version 4.1.1-p1, MPC version 1.3.1, isl version isl-0.25-GMP

warning: MPFR header version 4.1.1-p1 differs from library version 4.2.0.
GGC heuristics: --param ggc-min-expand=63 --param ggc-min-heapsize=62294
Compiler executable checksum: db1c16b77a5a70061857006e3f8421f4
COLLECT_GCC_OPTIONS='-v' '-o' 'CMakeFiles/cmTC_c9e3c.dir/CMakeCCompilerABI.c.o' '-c'  '-mfloat-abi=hard' '-mtls-dialect=gnu' '-mthumb' '-mlibarch=armv7-a+fp' '-march=armv7-a+fp' '-dumpdir' 'CMakeFiles/cmTC_c9e3c.dir/'
 as -v -march=armv7-a+fp -mfloat-abi=hard -meabi=5 -o CMakeFiles/cmTC_c9e3c.dir/CMakeCCompilerABI.c.o /tmp/ccG8moUZ.s
GNU assembler version 2.40 (arm-linux-gnueabihf) using BFD version (GNU Binutils for Debian) 2.40
COMPILER_PATH=/usr/lib/gcc/arm-linux-gnueabihf/12/:/usr/lib/gcc/arm-linux-gnueabihf/12/:/usr/lib/gcc/arm-linux-gnueabihf/:/usr/lib/gcc/arm-linux-gnueabihf/12/:/usr/lib/gcc/arm-linux-gnueabihf/
LIBRARY_PATH=/usr/lib/gcc/arm-linux-gnueabihf/12/:/usr/lib/gcc/arm-linux-gnueabihf/12/../../../arm-linux-gnueabihf/:/usr/lib/gcc/arm-linux-gnueabihf/12/../../../:/lib/arm-linux-gnueabihf/:/lib/:/usr/lib/arm-linux-gnueabihf/:/usr/lib/
COLLECT_GCC_OPTIONS='-v' '-o' 'CMakeFiles/cmTC_c9e3c.dir/CMakeCCompilerABI.c.o' '-c'  '-mfloat-abi=hard' '-mtls-dialect=gnu' '-mthumb' '-mlibarch=armv7-a+fp' '-march=armv7-a+fp' '-dumpdir' 'CMakeFiles/cmTC_c9e3c.dir/CMakeCCompilerABI.c.'
[2/2] Linking C executable cmTC_c9e3c
Using built-in specs.
COLLECT_GCC=/usr/bin/cc
COLLECT_LTO_WRAPPER=/usr/lib/gcc/arm-linux-gnueabihf/12/lto-wrapper
Target: arm-linux-gnueabihf
Configured with: ../src/configure -v --with-pkgversion='Debian 12.2.0-14' --with-bugurl=file:///usr/share/doc/gcc-12/README.Bugs --enable-languages=c,ada,c++,go,d,fortran,objc,obj-c++,m2 --prefix=/usr --with-gcc-major-version-only --program-suffix=-12 --program-prefix=arm-linux-gnueabihf- --enable-shared --enable-linker-build-id --libexecdir=/usr/lib --without-included-gettext --enable-threads=posix --libdir=/usr/lib --enable-nls --enable-clocale=gnu --enable-libstdcxx-debug --enable-libstdcxx-time=yes --with-default-libstdcxx-abi=new --enable-gnu-unique-object --disable-libitm --disable-libquadmath --disable-libquadmath-support --enable-plugin --enable-default-pie --with-system-zlib --enable-libphobos-checking=release --with-target-system-zlib=auto --enable-objc-gc=auto --enable-multiarch --disable-sjlj-exceptions --with-arch=armv7-a+fp --with-float=hard --with-mode=thumb --disable-werror --enable-checking=release --build=arm-linux-gnueabihf --host=arm-linux-gnueabihf --target=arm-linux-gnueabihf
Thread model: posix
Supported LTO compression algorithms: zlib zstd
gcc version 12.2.0 (Debian 12.2.0-14) 
COMPILER_PATH=/usr/lib/gcc/arm-linux-gnueabihf/12/:/usr/lib/gcc/arm-linux-gnueabihf/12/:/usr/lib/gcc/arm-linux-gnueabihf/:/usr/lib/gcc/arm-linux-gnueabihf/12/:/usr/lib/gcc/arm-linux-gnueabihf/
LIBRARY_PATH=/usr/lib/gcc/arm-linux-gnueabihf/12/:/usr/lib/gcc/arm-linux-gnueabihf/12/../../../arm-linux-gnueabihf/:/usr/lib/gcc/arm-linux-gnueabihf/12/../../../:/lib/arm-linux-gnueabihf/:/lib/:/usr/lib/arm-linux-gnueabihf/:/usr/lib/
COLLECT_GCC_OPTIONS='-v' '-o' 'cmTC_c9e3c'  '-mfloat-abi=hard' '-mtls-dialect=gnu' '-mthumb' '-mlibarch=armv7-a+fp' '-march=armv7-a+fp' '-dumpdir' 'cmTC_c9e3c.'
 /usr/lib/gcc/arm-linux-gnueabihf/12/collect2 -plugin /usr/lib/gcc/arm-linux-gnueabihf/12/liblto_plugin.so -plugin-opt=/usr/lib/gcc/arm-linux-gnueabihf/12/lto-wrapper -plugin-opt=-fresolution=/tmp/ccKykV5C.res -plugin-opt=-pass-through=-lgcc -plugin-opt=-pass-through=-lgcc_s -plugin-opt=-pass-through=-lc -plugin-opt=-pass-through=-lgcc -plugin-opt=-pass-through=-lgcc_s --build-id --eh-frame-hdr -dynamic-linker /lib/ld-linux-armhf.so.3 -X --hash-style=gnu --as-needed -m armelf_linux_eabi -pie -o cmTC_c9e3c /usr/lib/gcc/arm-linux-gnueabihf/12/../../../arm-linux-gnueabihf/Scrt1.o /usr/lib/gcc/arm-linux-gnueabihf/12/../../../arm-linux-gnueabihf/crti.o /usr/lib/gcc/arm-linux-gnueabihf/12/crtbeginS.o -L/usr/lib/gcc/arm-linux-gnueabihf/12 -L/usr/lib/gcc/arm-linux-gnueabihf/12/../../../arm-linux-gnueabihf -L/usr/lib/gcc/arm-linux-gnueabihf/12/../../.. -L/lib/arm-linux-gnueabihf -L/usr/lib/arm-linux-gnueabihf CMakeFiles/cmTC_c9e3c.dir/CMakeCCompilerABI.c.o -lgcc --push-state --as-needed -lgcc_s --pop-state -lc -lgcc --push-state --as-needed -lgcc_s --pop-state /usr/lib/gcc/arm-linux-gnueabihf/12/crtendS.o /usr/lib/gcc/arm-linux-gnueabihf/12/../../../arm-linux-gnueabihf/crtn.o
COLLECT_GCC_OPTIONS='-v' '-o' 'cmTC_c9e3c'  '-mfloat-abi=hard' '-mtls-dialect=gnu' '-mthumb' '-mlibarch=armv7-a+fp' '-march=armv7-a+fp' '-dumpdir' 'cmTC_c9e3c.'



Parsed C implicit include dir info from above output: rv=done
  found start of include info
  found start of implicit include info
    add: [/usr/lib/gcc/arm-linux-gnueabihf/12/include]
    add: [/usr/local/include]
    add: [/usr/include/arm-linux-gnueabihf]
    add: [/usr/include]
  end of search list found
  collapse include dir [/usr/lib/gcc/arm-linux-gnueabihf/12/include] ==> [/usr/lib/gcc/arm-linux-gnueabihf/12/include]
  collapse include dir [/usr/local/include] ==> [/usr/local/include]
  collapse include dir [/usr/include/arm-linux-gnueabihf] ==> [/usr/include/arm-linux-gnueabihf]
  collapse include dir [/usr/include] ==> [/usr/include]
  implicit include dirs: [/usr/lib/gcc/arm-linux-gnueabihf/12/include;/usr/local/include;/usr/include/arm-linux-gnueabihf;/usr/include]


Parsed C implicit link information from above output:
  link line regex: [^( *|.*[/\])(ld|CMAKE_LINK_STARTFILE-NOTFOUND|([^/\]+-)?ld|collect2)[^/\]*( |$)]
  ignore line: [Change Dir: /home/debian/wisun-br-linux-inesh/build/CMakeFiles/CMakeScratch/TryCompile-UjJOBC]
  ignore line: []
  ignore line: [Run Build Command(s):/usr/bin/ninja cmTC_c9e3c && [1/2] Building C object CMakeFiles/cmTC_c9e3c.dir/CMakeCCompilerABI.c.o]
  ignore line: [Using built-in specs.]
  ignore line: [COLLECT_GCC=/usr/bin/cc]
  ignore line: [Target: arm-linux-gnueabihf]
  ignore line: [Configured with: ../src/configure -v --with-pkgversion='Debian 12.2.0-14' --with-bugurl=file:///usr/share/doc/gcc-12/README.Bugs --enable-languages=c ada c++ go d fortran objc obj-c++ m2 --prefix=/usr --with-gcc-major-version-only --program-suffix=-12 --program-prefix=arm-linux-gnueabihf- --enable-shared --enable-linker-build-id --libexecdir=/usr/lib --without-included-gettext --enable-threads=posix --libdir=/usr/lib --enable-nls --enable-clocale=gnu --enable-libstdcxx-debug --enable-libstdcxx-time=yes --with-default-libstdcxx-abi=new --enable-gnu-unique-object --disable-libitm --disable-libquadmath --disable-libquadmath-support --enable-plugin --enable-default-pie --with-system-zlib --enable-libphobos-checking=release --with-target-system-zlib=auto --enable-objc-gc=auto --enable-multiarch --disable-sjlj-exceptions --with-arch=armv7-a+fp --with-float=hard --with-mode=thumb --disable-werror --enable-checking=release --build=arm-linux-gnueabihf --host=arm-linux-gnueabihf --target=arm-linux-gnueabihf]
  ignore line: [Thread model: posix]
  ignore line: [Supported LTO compression algorithms: zlib zstd]
  ignore line: [gcc version 12.2.0 (Debian 12.2.0-14) ]
  ignore line: [COLLECT_GCC_OPTIONS='-v' '-o' 'CMakeFiles/cmTC_c9e3c.dir/CMakeCCompilerABI.c.o' '-c'  '-mfloat-abi=hard' '-mtls-dialect=gnu' '-mthumb' '-mlibarch=armv7-a+fp' '-march=armv7-a+fp' '-dumpdir' 'CMakeFiles/cmTC_c9e3c.dir/']
  ignore line: [ /usr/lib/gcc/arm-linux-gnueabihf/12/cc1 -quiet -v -imultilib . -imultiarch arm-linux-gnueabihf /usr/share/cmake-3.25/Modules/CMakeCCompilerABI.c -quiet -dumpdir CMakeFiles/cmTC_c9e3c.dir/ -dumpbase CMakeCCompilerABI.c.c -dumpbase-ext .c -mfloat-abi=hard -mtls-dialect=gnu -mthumb -mlibarch=armv7-a+fp -march=armv7-a+fp -version -o /tmp/ccG8moUZ.s]
  ignore line: [GNU C17 (Debian 12.2.0-14) version 12.2.0 (arm-linux-gnueabihf)]
  ignore line: [	compiled by GNU C version 12.2.0  GMP version 6.2.1  MPFR version 4.1.1-p1  MPC version 1.3.1  isl version isl-0.25-GMP]
  ignore line: []
  ignore line: [warning: MPFR header version 4.1.1-p1 differs from library version 4.2.0.]
  ignore line: [GGC heuristics: --param ggc-min-expand=63 --param ggc-min-heapsize=62294]
  ignore line: [ignoring nonexistent directory "/usr/local/include/arm-linux-gnueabihf"]
  ignore line: [ignoring nonexistent directory "/usr/lib/gcc/arm-linux-gnueabihf/12/include-fixed"]
  ignore line: [ignoring nonexistent directory "/usr/lib/gcc/arm-linux-gnueabihf/12/../../../../arm-linux-gnueabihf/include"]
  ignore line: [#include "..." search starts here:]
  ignore line: [#include <...> search starts here:]
  ignore line: [ /usr/lib/gcc/arm-linux-gnueabihf/12/include]
  ignore line: [ /usr/local/include]
  ignore line: [ /usr/include/arm-linux-gnueabihf]
  ignore line: [ /usr/include]
  ignore line: [End of search list.]
  ignore line: [GNU C17 (Debian 12.2.0-14) version 12.2.0 (arm-linux-gnueabihf)]
  ignore line: [	compiled by GNU C version 12.2.0  GMP version 6.2.1  MPFR version 4.1.1-p1  MPC version 1.3.1  isl version isl-0.25-GMP]
  ignore line: []
  ignore line: [warning: MPFR header version 4.1.1-p1 differs from library version 4.2.0.]
  ignore line: [GGC heuristics: --param ggc-min-expand=63 --param ggc-min-heapsize=62294]
  ignore line: [Compiler executable checksum: db1c16b77a5a70061857006e3f8421f4]
  ignore line: [COLLECT_GCC_OPTIONS='-v' '-o' 'CMakeFiles/cmTC_c9e3c.dir/CMakeCCompilerABI.c.o' '-c'  '-mfloat-abi=hard' '-mtls-dialect=gnu' '-mthumb' '-mlibarch=armv7-a+fp' '-march=armv7-a+fp' '-dumpdir' 'CMakeFiles/cmTC_c9e3c.dir/']
  ignore line: [ as -v -march=armv7-a+fp -mfloat-abi=hard -meabi=5 -o CMakeFiles/cmTC_c9e3c.dir/CMakeCCompilerABI.c.o /tmp/ccG8moUZ.s]
  ignore line: [GNU assembler version 2.40 (arm-linux-gnueabihf) using BFD version (GNU Binutils for Debian) 2.40]
  ignore line: [COMPILER_PATH=/usr/lib/gcc/arm-linux-gnueabihf/12/:/usr/lib/gcc/arm-linux-gnueabihf/12/:/usr/lib/gcc/arm-linux-gnueabihf/:/usr/lib/gcc/arm-linux-gnueabihf/12/:/usr/lib/gcc/arm-linux-gnueabihf/]
  ignore line: [LIBRARY_PATH=/usr/lib/gcc/arm-linux-gnueabihf/12/:/usr/lib/gcc/arm-linux-gnueabihf/12/../../../arm-linux-gnueabihf/:/usr/lib/gcc/arm-linux-gnueabihf/12/../../../:/lib/arm-linux-gnueabihf/:/lib/:/usr/lib/arm-linux-gnueabihf/:/usr/lib/]
  ignore line: [COLLECT_GCC_OPTIONS='-v' '-o' 'CMakeFiles/cmTC_c9e3c.dir/CMakeCCompilerABI.c.o' '-c'  '-mfloat-abi=hard' '-mtls-dialect=gnu' '-mthumb' '-mlibarch=armv7-a+fp' '-march=armv7-a+fp' '-dumpdir' 'CMakeFiles/cmTC_c9e3c.dir/CMakeCCompilerABI.c.']
  ignore line: [[2/2] Linking C executable cmTC_c9e3c]
  ignore line: [Using built-in specs.]
  ignore line: [COLLECT_GCC=/usr/bin/cc]
  ignore line: [COLLECT_LTO_WRAPPER=/usr/lib/gcc/arm-linux-gnueabihf/12/lto-wrapper]
  ignore line: [Target: arm-linux-gnueabihf]
  ignore line: [Configured with: ../src/configure -v --with-pkgversion='Debian 12.2.0-14' --with-bugurl=file:///usr/share/doc/gcc-12/README.Bugs --enable-languages=c ada c++ go d fortran objc obj-c++ m2 --prefix=/usr --with-gcc-major-version-only --program-suffix=-12 --program-prefix=arm-linux-gnueabihf- --enable-shared --enable-linker-build-id --libexecdir=/usr/lib --without-included-gettext --enable-threads=posix --libdir=/usr/lib --enable-nls --enable-clocale=gnu --enable-libstdcxx-debug --enable-libstdcxx-time=yes --with-default-libstdcxx-abi=new --enable-gnu-unique-object --disable-libitm --disable-libquadmath --disable-libquadmath-support --enable-plugin --enable-default-pie --with-system-zlib --enable-libphobos-checking=release --with-target-system-zlib=auto --enable-objc-gc=auto --enable-multiarch --disable-sjlj-exceptions --with-arch=armv7-a+fp --with-float=hard --with-mode=thumb --disable-werror --enable-checking=release --build=arm-linux-gnueabihf --host=arm-linux-gnueabihf --target=arm-linux-gnueabihf]
  ignore line: [Thread model: posix]
  ignore line: [Supported LTO compression algorithms: zlib zstd]
  ignore line: [gcc version 12.2.0 (Debian 12.2.0-14) ]
  ignore line: [COMPILER_PATH=/usr/lib/gcc/arm-linux-gnueabihf/12/:/usr/lib/gcc/arm-linux-gnueabihf/12/:/usr/lib/gcc/arm-linux-gnueabihf/:/usr/lib/gcc/arm-linux-gnueabihf/12/:/usr/lib/gcc/arm-linux-gnueabihf/]
  ignore line: [LIBRARY_PATH=/usr/lib/gcc/arm-linux-gnueabihf/12/:/usr/lib/gcc/arm-linux-gnueabihf/12/../../../arm-linux-gnueabihf/:/usr/lib/gcc/arm-linux-gnueabihf/12/../../../:/lib/arm-linux-gnueabihf/:/lib/:/usr/lib/arm-linux-gnueabihf/:/usr/lib/]
  ignore line: [COLLECT_GCC_OPTIONS='-v' '-o' 'cmTC_c9e3c'  '-mfloat-abi=hard' '-mtls-dialect=gnu' '-mthumb' '-mlibarch=armv7-a+fp' '-march=armv7-a+fp' '-dumpdir' 'cmTC_c9e3c.']
  link line: [ /usr/lib/gcc/arm-linux-gnueabihf/12/collect2 -plugin /usr/lib/gcc/arm-linux-gnueabihf/12/liblto_plugin.so -plugin-opt=/usr/lib/gcc/arm-linux-gnueabihf/12/lto-wrapper -plugin-opt=-fresolution=/tmp/ccKykV5C.res -plugin-opt=-pass-through=-lgcc -plugin-opt=-pass-through=-lgcc_s -plugin-opt=-pass-through=-lc -plugin-opt=-pass-through=-lgcc -plugin-opt=-pass-through=-lgcc_s --build-id --eh-frame-hdr -dynamic-linker /lib/ld-linux-armhf.so.3 -X --hash-style=gnu --as-needed -m armelf_linux_eabi -pie -o cmTC_c9e3c /usr/lib/gcc/arm-linux-gnueabihf/12/../../../arm-linux-gnueabihf/Scrt1.o /usr/lib/gcc/arm-linux-gnueabihf/12/../../../arm-linux-gnueabihf/crti.o /usr/lib/gcc/arm-linux-gnueabihf/12/crtbeginS.o -L/usr/lib/gcc/arm-linux-gnueabihf/12 -L/usr/lib/gcc/arm-linux-gnueabihf/12/../../../arm-linux-gnueabihf -L/usr/lib/gcc/arm-linux-gnueabihf/12/../../.. -L/lib/arm-linux-gnueabihf -L/usr/lib/arm-linux-gnueabihf CMakeFiles/cmTC_c9e3c.dir/CMakeCCompilerABI.c.o -lgcc --push-state --as-needed -lgcc_s --pop-state -lc -lgcc --push-state --as-needed -lgcc_s --pop-state /usr/lib/gcc/arm-linux-gnueabihf/12/crtendS.o /usr/lib/gcc/arm-linux-gnueabihf/12/../../../arm-linux-gnueabihf/crtn.o]
    arg [/usr/lib/gcc/arm-linux-gnueabihf/12/collect2] ==> ignore
    arg [-plugin] ==> ignore
    arg [/usr/lib/gcc/arm-linux-gnueabihf/12/liblto_plugin.so] ==> ignore
    arg [-plugin-opt=/usr/lib/gcc/arm-linux-gnueabihf/12/lto-wrapper] ==> ignore
    arg [-plugin-opt=-fresolution=/tmp/ccKykV5C.res] ==> ignore
    arg [-plugin-opt=-pass-through=-lgcc] ==> ignore
    arg [-plugin-opt=-pass-through=-lgcc_s] ==> ignore
    arg [-plugin-opt=-pass-through=-lc] ==> ignore
    arg [-plugin-opt=-pass-through=-lgcc] ==> ignore
    arg [-plugin-opt=-pass-through=-lgcc_s] ==> ignore
    arg [--build-id] ==> ignore
    arg [--eh-frame-hdr] ==> ignore
    arg [-dynamic-linker] ==> ignore
    arg [/lib/ld-linux-armhf.so.3] ==> ignore
    arg [-X] ==> ignore
    arg [--hash-style=gnu] ==> ignore
    arg [--as-needed] ==> ignore
    arg [-m] ==> ignore
    arg [armelf_linux_eabi] ==> ignore
    arg [-pie] ==> ignore
    arg [-o] ==> ignore
    arg [cmTC_c9e3c] ==> ignore
    arg [/usr/lib/gcc/arm-linux-gnueabihf/12/../../../arm-linux-gnueabihf/Scrt1.o] ==> obj [/usr/lib/gcc/arm-linux-gnueabihf/12/../../../arm-linux-gnueabihf/Scrt1.o]
    arg [/usr/lib/gcc/arm-linux-gnueabihf/12/../../../arm-linux-gnueabihf/crti.o] ==> obj [/usr/lib/gcc/arm-linux-gnueabihf/12/../../../arm-linux-gnueabihf/crti.o]
    arg [/usr/lib/gcc/arm-linux-gnueabihf/12/crtbeginS.o] ==> obj [/usr/lib/gcc/arm-linux-gnueabihf/12/crtbeginS.o]
    arg [-L/usr/lib/gcc/arm-linux-gnueabihf/12] ==> dir [/usr/lib/gcc/arm-linux-gnueabihf/12]
    arg [-L/usr/lib/gcc/arm-linux-gnueabihf/12/../../../arm-linux-gnueabihf] ==> dir [/usr/lib/gcc/arm-linux-gnueabihf/12/../../../arm-linux-gnueabihf]
    arg [-L/usr/lib/gcc/arm-linux-gnueabihf/12/../../..] ==> dir [/usr/lib/gcc/arm-linux-gnueabihf/12/../../..]
    arg [-L/lib/arm-linux-gnueabihf] ==> dir [/lib/arm-linux-gnueabihf]
    arg [-L/usr/lib/arm-linux-gnueabihf] ==> dir [/usr/lib/arm-linux-gnueabihf]
    arg [CMakeFiles/cmTC_c9e3c.dir/CMakeCCompilerABI.c.o] ==> ignore
    arg [-lgcc] ==> lib [gcc]
    arg [--push-state] ==> ignore
    arg [--as-needed] ==> ignore
    arg [-lgcc_s] ==> lib [gcc_s]
    arg [--pop-state] ==> ignore
    arg [-lc] ==> lib [c]
    arg [-lgcc] ==> lib [gcc]
    arg [--push-state] ==> ignore
    arg [--as-needed] ==> ignore
    arg [-lgcc_s] ==> lib [gcc_s]
    arg [--pop-state] ==> ignore
    arg [/usr/lib/gcc/arm-linux-gnueabihf/12/crtendS.o] ==> obj [/usr/lib/gcc/arm-linux-gnueabihf/12/crtendS.o]
    arg [/usr/lib/gcc/arm-linux-gnueabihf/12/../../../arm-linux-gnueabihf/crtn.o] ==> obj [/usr/lib/gcc/arm-linux-gnueabihf/12/../../../arm-linux-gnueabihf/crtn.o]
  collapse obj [/usr/lib/gcc/arm-linux-gnueabihf/12/../../../arm-linux-gnueabihf/Scrt1.o] ==> [/usr/lib/arm-linux-gnueabihf/Scrt1.o]
  collapse obj [/usr/lib/gcc/arm-linux-gnueabihf/12/../../../arm-linux-gnueabihf/crti.o] ==> [/usr/lib/arm-linux-gnueabihf/crti.o]
  collapse obj [/usr/lib/gcc/arm-linux-gnueabihf/12/../../../arm-linux-gnueabihf/crtn.o] ==> [/usr/lib/arm-linux-gnueabihf/crtn.o]
  collapse library dir [/usr/lib/gcc/arm-linux-gnueabihf/12] ==> [/usr/lib/gcc/arm-linux-gnueabihf/12]
  collapse library dir [/usr/lib/gcc/arm-linux-gnueabihf/12/../../../arm-linux-gnueabihf] ==> [/usr/lib/arm-linux-gnueabihf]
  collapse library dir [/usr/lib/gcc/arm-linux-gnueabihf/12/../../..] ==> [/usr/lib]
  collapse library dir [/lib/arm-linux-gnueabihf] ==> [/lib/arm-linux-gnueabihf]
  collapse library dir [/usr/lib/arm-linux-gnueabihf] ==> [/usr/lib/arm-linux-gnueabihf]
  implicit libs: [gcc;gcc_s;c;gcc;gcc_s]
  implicit objs: [/usr/lib/arm-linux-gnueabihf/Scrt1.o;/usr/lib/arm-linux-gnueabihf/crti.o;/usr/lib/gcc/arm-linux-gnueabihf/12/crtbeginS.o;/usr/lib/gcc/arm-linux-gnueabihf/12/crtendS.o;/usr/lib/arm-linux-gnueabihf/crtn.o]
  implicit dirs: [/usr/lib/gcc/arm-linux-gnueabihf/12;/usr/lib/arm-linux-gnueabihf;/usr/lib;/lib/arm-linux-gnueabihf]
  implicit fwks: []


Detecting CXX compiler ABI info compiled with the following output:
Change Dir: /home/debian/wisun-br-linux-inesh/build/CMakeFiles/CMakeScratch/TryCompile-TYpj5p

Run Build Command(s):/usr/bin/ninja cmTC_35067 && [1/2] Building CXX object CMakeFiles/cmTC_35067.dir/CMakeCXXCompilerABI.cpp.o
Using built-in specs.
COLLECT_GCC=/usr/bin/c++
Target: arm-linux-gnueabihf
Configured with: ../src/configure -v --with-pkgversion='Debian 12.2.0-14' --with-bugurl=file:///usr/share/doc/gcc-12/README.Bugs --enable-languages=c,ada,c++,go,d,fortran,objc,obj-c++,m2 --prefix=/usr --with-gcc-major-version-only --program-suffix=-12 --program-prefix=arm-linux-gnueabihf- --enable-shared --enable-linker-build-id --libexecdir=/usr/lib --without-included-gettext --enable-threads=posix --libdir=/usr/lib --enable-nls --enable-clocale=gnu --enable-libstdcxx-debug --enable-libstdcxx-time=yes --with-default-libstdcxx-abi=new --enable-gnu-unique-object --disable-libitm --disable-libquadmath --disable-libquadmath-support --enable-plugin --enable-default-pie --with-system-zlib --enable-libphobos-checking=release --with-target-system-zlib=auto --enable-objc-gc=auto --enable-multiarch --disable-sjlj-exceptions --with-arch=armv7-a+fp --with-float=hard --with-mode=thumb --disable-werror --enable-checking=release --build=arm-linux-gnueabihf --host=arm-linux-gnueabihf --target=arm-linux-gnueabihf
Thread model: posix
Supported LTO compression algorithms: zlib zstd
gcc version 12.2.0 (Debian 12.2.0-14) 
COLLECT_GCC_OPTIONS='-v' '-o' 'CMakeFiles/cmTC_35067.dir/CMakeCXXCompilerABI.cpp.o' '-c' '-shared-libgcc'  '-mfloat-abi=hard' '-mtls-dialect=gnu' '-mthumb' '-mlibarch=armv7-a+fp' '-march=armv7-a+fp' '-dumpdir' 'CMakeFiles/cmTC_35067.dir/'
 /usr/lib/gcc/arm-linux-gnueabihf/12/cc1plus -quiet -v -imultilib . -imultiarch arm-linux-gnueabihf -D_GNU_SOURCE /usr/share/cmake-3.25/Modules/CMakeCXXCompilerABI.cpp -quiet -dumpdir CMakeFiles/cmTC_35067.dir/ -dumpbase CMakeCXXCompilerABI.cpp.cpp -dumpbase-ext .cpp -mfloat-abi=hard -mtls-dialect=gnu -mthumb -mlibarch=armv7-a+fp -march=armv7-a+fp -version -o /tmp/cco46s5Y.s
GNU C++17 (Debian 12.2.0-14) version 12.2.0 (arm-linux-gnueabihf)
	compiled by GNU C version 12.2.0, GMP version 6.2.1, MPFR version 4.1.1-p1, MPC version 1.3.1, isl version isl-0.25-GMP

warning: MPFR header version 4.1.1-p1 differs from library version 4.2.0.
GGC heuristics: --param ggc-min-expand=63 --param ggc-min-heapsize=62294
ignoring duplicate directory "/usr/include/arm-linux-gnueabihf/c++/12"
ignoring nonexistent directory "/usr/local/include/arm-linux-gnueabihf"
ignoring nonexistent directory "/usr/lib/gcc/arm-linux-gnueabihf/12/include-fixed"
ignoring nonexistent directory "/usr/lib/gcc/arm-linux-gnueabihf/12/../../../../arm-linux-gnueabihf/include"
#include "..." search starts here:
#include <...> search starts here:
 /usr/include/c++/12
 /usr/include/arm-linux-gnueabihf/c++/12
 /usr/include/c++/12/backward
 /usr/lib/gcc/arm-linux-gnueabihf/12/include
 /usr/local/include
 /usr/include/arm-linux-gnueabihf
 /usr/include
End of search list.
GNU C++17 (Debian 12.2.0-14) version 12.2.0 (arm-linux-gnueabihf)
	compiled by GNU C version 12.2.0, GMP version 6.2.1, MPFR version 4.1.1-p1, MPC version 1.3.1, isl version isl-0.25-GMP

warning: MPFR header version 4.1.1-p1 differs from library version 4.2.0.
GGC heuristics: --param ggc-min-expand=63 --param ggc-min-heapsize=62294
Compiler executable checksum: c7ad362376c590481bd2c6572e853ae5
COLLECT_GCC_OPTIONS='-v' '-o' 'CMakeFiles/cmTC_35067.dir/CMakeCXXCompilerABI.cpp.o' '-c' '-shared-libgcc'  '-mfloat-abi=hard' '-mtls-dialect=gnu' '-mthumb' '-mlibarch=armv7-a+fp' '-march=armv7-a+fp' '-dumpdir' 'CMakeFiles/cmTC_35067.dir/'
 as -v -march=armv7-a+fp -mfloat-abi=hard -meabi=5 -o CMakeFiles/cmTC_35067.dir/CMakeCXXCompilerABI.cpp.o /tmp/cco46s5Y.s
GNU assembler version 2.40 (arm-linux-gnueabihf) using BFD version (GNU Binutils for Debian) 2.40
COMPILER_PATH=/usr/lib/gcc/arm-linux-gnueabihf/12/:/usr/lib/gcc/arm-linux-gnueabihf/12/:/usr/lib/gcc/arm-linux-gnueabihf/:/usr/lib/gcc/arm-linux-gnueabihf/12/:/usr/lib/gcc/arm-linux-gnueabihf/
LIBRARY_PATH=/usr/lib/gcc/arm-linux-gnueabihf/12/:/usr/lib/gcc/arm-linux-gnueabihf/12/../../../arm-linux-gnueabihf/:/usr/lib/gcc/arm-linux-gnueabihf/12/../../../:/lib/arm-linux-gnueabihf/:/lib/:/usr/lib/arm-linux-gnueabihf/:/usr/lib/
COLLECT_GCC_OPTIONS='-v' '-o' 'CMakeFiles/cmTC_35067.dir/CMakeCXXCompilerABI.cpp.o' '-c' '-shared-libgcc'  '-mfloat-abi=hard' '-mtls-dialect=gnu' '-mthumb' '-mlibarch=armv7-a+fp' '-march=armv7-a+fp' '-dumpdir' 'CMakeFiles/cmTC_35067.dir/CMakeCXXCompilerABI.cpp.'
[2/2] Linking CXX executable cmTC_35067
Using built-in specs.
COLLECT_GCC=/usr/bin/c++
COLLECT_LTO_WRAPPER=/usr/lib/gcc/arm-linux-gnueabihf/12/lto-wrapper
Target: arm-linux-gnueabihf
Configured with: ../src/configure -v --with-pkgversion='Debian 12.2.0-14' --with-bugurl=file:///usr/share/doc/gcc-12/README.Bugs --enable-languages=c,ada,c++,go,d,fortran,objc,obj-c++,m2 --prefix=/usr --with-gcc-major-version-only --program-suffix=-12 --program-prefix=arm-linux-gnueabihf- --enable-shared --enable-linker-build-id --libexecdir=/usr/lib --without-included-gettext --enable-threads=posix --libdir=/usr/lib --enable-nls --enable-clocale=gnu --enable-libstdcxx-debug --enable-libstdcxx-time=yes --with-default-libstdcxx-abi=new --enable-gnu-unique-object --disable-libitm --disable-libquadmath --disable-libquadmath-support --enable-plugin --enable-default-pie --with-system-zlib --enable-libphobos-checking=release --with-target-system-zlib=auto --enable-objc-gc=auto --enable-multiarch --disable-sjlj-exceptions --with-arch=armv7-a+fp --with-float=hard --with-mode=thumb --disable-werror --enable-checking=release --build=arm-linux-gnueabihf --host=arm-linux-gnueabihf --target=arm-linux-gnueabihf
Thread model: posix
Supported LTO compression algorithms: zlib zstd
gcc version 12.2.0 (Debian 12.2.0-14) 
COMPILER_PATH=/usr/lib/gcc/arm-linux-gnueabihf/12/:/usr/lib/gcc/arm-linux-gnueabihf/12/:/usr/lib/gcc/arm-linux-gnueabihf/:/usr/lib/gcc/arm-linux-gnueabihf/12/:/usr/lib/gcc/arm-linux-gnueabihf/
LIBRARY_PATH=/usr/lib/gcc/arm-linux-gnueabihf/12/:/usr/lib/gcc/arm-linux-gnueabihf/12/../../../arm-linux-gnueabihf/:/usr/lib/gcc/arm-linux-gnueabihf/12/../../../:/lib/arm-linux-gnueabihf/:/lib/:/usr/lib/arm-linux-gnueabihf/:/usr/lib/
COLLECT_GCC_OPTIONS='-v' '-o' 'cmTC_35067' '-shared-libgcc'  '-mfloat-abi=hard' '-mtls-dialect=gnu' '-mthumb' '-mlibarch=armv7-a+fp' '-march=armv7-a+fp' '-dumpdir' 'cmTC_35067.'
 /usr/lib/gcc/arm-linux-gnueabihf/12/collect2 -plugin /usr/lib/gcc/arm-linux-gnueabihf/12/liblto_plugin.so -plugin-opt=/usr/lib/gcc/arm-linux-gnueabihf/12/lto-wrapper -plugin-opt=-fresolution=/tmp/cc7bgVQN.res -plugin-opt=-pass-through=-lgcc_s -plugin-opt=-pass-through=-lgcc -plugin-opt=-pass-through=-lc -plugin-opt=-pass-through=-lgcc_s -plugin-opt=-pass-through=-lgcc --build-id --eh-frame-hdr -dynamic-linker /lib/ld-linux-armhf.so.3 -X --hash-style=gnu --as-needed -m armelf_linux_eabi -pie -o cmTC_35067 /usr/lib/gcc/arm-linux-gnueabihf/12/../../../arm-linux-gnueabihf/Scrt1.o /usr/lib/gcc/arm-linux-gnueabihf/12/../../../arm-linux-gnueabihf/crti.o /usr/lib/gcc/arm-linux-gnueabihf/12/crtbeginS.o -L/usr/lib/gcc/arm-linux-gnueabihf/12 -L/usr/lib/gcc/arm-linux-gnueabihf/12/../../../arm-linux-gnueabihf -L/usr/lib/gcc/arm-linux-gnueabihf/12/../../.. -L/lib/arm-linux-gnueabihf -L/usr/lib/arm-linux-gnueabihf CMakeFiles/cmTC_35067.dir/CMakeCXXCompilerABI.cpp.o -lstdc++ -lm -lgcc_s -lgcc -lc -lgcc_s -lgcc /usr/lib/gcc/arm-linux-gnueabihf/12/crtendS.o /usr/lib/gcc/arm-linux-gnueabihf/12/../../../arm-linux-gnueabihf/crtn.o
COLLECT_GCC_OPTIONS='-v' '-o' 'cmTC_35067' '-shared-libgcc'  '-mfloat-abi=hard' '-mtls-dialect=gnu' '-mthumb' '-mlibarch=armv7-a+fp' '-march=armv7-a+fp' '-dumpdir' 'cmTC_35067.'



Parsed CXX implicit include dir info from above output: rv=done
  found start of include info
  found start of implicit include info
    add: [/usr/include/c++/12]
    add: [/usr/include/arm-linux-gnueabihf/c++/12]
    add: [/usr/include/c++/12/backward]
    add: [/usr/lib/gcc/arm-linux-gnueabihf/12/include]
    add: [/usr/local/include]
    add: [/usr/include/arm-linux-gnueabihf]
    add: [/usr/include]
  end of search list found
  collapse include dir [/usr/include/c++/12] ==> [/usr/include/c++/12]
  collapse include dir [/usr/include/arm-linux-gnueabihf/c++/12] ==> [/usr/include/arm-linux-gnueabihf/c++/12]
  collapse include dir [/usr/include/c++/12/backward] ==> [/usr/include/c++/12/backward]
  collapse include dir [/usr/lib/gcc/arm-linux-gnueabihf/12/include] ==> [/usr/lib/gcc/arm-linux-gnueabihf/12/include]
  collapse include dir [/usr/local/include] ==> [/usr/local/include]
  collapse include dir [/usr/include/arm-linux-gnueabihf] ==> [/usr/include/arm-linux-gnueabihf]
  collapse include dir [/usr/include] ==> [/usr/include]
  implicit include dirs: [/usr/include/c++/12;/usr/include/arm-linux-gnueabihf/c++/12;/usr/include/c++/12/backward;/usr/lib/gcc/arm-linux-gnueabihf/12/include;/usr/local/include;/usr/include/arm-linux-gnueabihf;/usr/include]


Parsed CXX implicit link information from above output:
  link line regex: [^( *|.*[/\])(ld|CMAKE_LINK_STARTFILE-NOTFOUND|([^/\]+-)?ld|collect2)[^/\]*( |$)]
  ignore line: [Change Dir: /home/debian/wisun-br-linux-inesh/build/CMakeFiles/CMakeScratch/TryCompile-TYpj5p]
  ignore line: []
  ignore line: [Run Build Command(s):/usr/bin/ninja cmTC_35067 && [1/2] Building CXX object CMakeFiles/cmTC_35067.dir/CMakeCXXCompilerABI.cpp.o]
  ignore line: [Using built-in specs.]
  ignore line: [COLLECT_GCC=/usr/bin/c++]
  ignore line: [Target: arm-linux-gnueabihf]
  ignore line: [Configured with: ../src/configure -v --with-pkgversion='Debian 12.2.0-14' --with-bugurl=file:///usr/share/doc/gcc-12/README.Bugs --enable-languages=c ada c++ go d fortran objc obj-c++ m2 --prefix=/usr --with-gcc-major-version-only --program-suffix=-12 --program-prefix=arm-linux-gnueabihf- --enable-shared --enable-linker-build-id --libexecdir=/usr/lib --without-included-gettext --enable-threads=posix --libdir=/usr/lib --enable-nls --enable-clocale=gnu --enable-libstdcxx-debug --enable-libstdcxx-time=yes --with-default-libstdcxx-abi=new --enable-gnu-unique-object --disable-libitm --disable-libquadmath --disable-libquadmath-support --enable-plugin --enable-default-pie --with-system-zlib --enable-libphobos-checking=release --with-target-system-zlib=auto --enable-objc-gc=auto --enable-multiarch --disable-sjlj-exceptions --with-arch=armv7-a+fp --with-float=hard --with-mode=thumb --disable-werror --enable-checking=release --build=arm-linux-gnueabihf --host=arm-linux-gnueabihf --target=arm-linux-gnueabihf]
  ignore line: [Thread model: posix]
  ignore line: [Supported LTO compression algorithms: zlib zstd]
  ignore line: [gcc version 12.2.0 (Debian 12.2.0-14) ]
  ignore line: [COLLECT_GCC_OPTIONS='-v' '-o' 'CMakeFiles/cmTC_35067.dir/CMakeCXXCompilerABI.cpp.o' '-c' '-shared-libgcc'  '-mfloat-abi=hard' '-mtls-dialect=gnu' '-mthumb' '-mlibarch=armv7-a+fp' '-march=armv7-a+fp' '-dumpdir' 'CMakeFiles/cmTC_35067.dir/']
  ignore line: [ /usr/lib/gcc/arm-linux-gnueabihf/12/cc1plus -quiet -v -imultilib . -imultiarch arm-linux-gnueabihf -D_GNU_SOURCE /usr/share/cmake-3.25/Modules/CMakeCXXCompilerABI.cpp -quiet -dumpdir CMakeFiles/cmTC_35067.dir/ -dumpbase CMakeCXXCompilerABI.cpp.cpp -dumpbase-ext .cpp -mfloat-abi=hard -mtls-dialect=gnu -mthumb -mlibarch=armv7-a+fp -march=armv7-a+fp -version -o /tmp/cco46s5Y.s]
  ignore line: [GNU C++17 (Debian 12.2.0-14) version 12.2.0 (arm-linux-gnueabihf)]
  ignore line: [	compiled by GNU C version 12.2.0  GMP version 6.2.1  MPFR version 4.1.1-p1  MPC version 1.3.1  isl version isl-0.25-GMP]
  ignore line: []
  ignore line: [warning: MPFR header version 4.1.1-p1 differs from library version 4.2.0.]
  ignore line: [GGC heuristics: --param ggc-min-expand=63 --param ggc-min-heapsize=62294]
  ignore line: [ignoring duplicate directory "/usr/include/arm-linux-gnueabihf/c++/12"]
  ignore line: [ignoring nonexistent directory "/usr/local/include/arm-linux-gnueabihf"]
  ignore line: [ignoring nonexistent directory "/usr/lib/gcc/arm-linux-gnueabihf/12/include-fixed"]
  ignore line: [ignoring nonexistent directory "/usr/lib/gcc/arm-linux-gnueabihf/12/../../../../arm-linux-gnueabihf/include"]
  ignore line: [#include "..." search starts here:]
  ignore line: [#include <...> search starts here:]
  ignore line: [ /usr/include/c++/12]
  ignore line: [ /usr/include/arm-linux-gnueabihf/c++/12]
  ignore line: [ /usr/include/c++/12/backward]
  ignore line: [ /usr/lib/gcc/arm-linux-gnueabihf/12/include]
  ignore line: [ /usr/local/include]
  ignore line: [ /usr/include/arm-linux-gnueabihf]
  ignore line: [ /usr/include]
  ignore line: [End of search list.]
  ignore line: [GNU C++17 (Debian 12.2.0-14) version 12.2.0 (arm-linux-gnueabihf)]
  ignore line: [	compiled by GNU C version 12.2.0  GMP version 6.2.1  MPFR version 4.1.1-p1  MPC version 1.3.1  isl version isl-0.25-GMP]
  ignore line: []
  ignore line: [warning: MPFR header version 4.1.1-p1 differs from library version 4.2.0.]
  ignore line: [GGC heuristics: --param ggc-min-expand=63 --param ggc-min-heapsize=62294]
  ignore line: [Compiler executable checksum: c7ad362376c590481bd2c6572e853ae5]
  ignore line: [COLLECT_GCC_OPTIONS='-v' '-o' 'CMakeFiles/cmTC_35067.dir/CMakeCXXCompilerABI.cpp.o' '-c' '-shared-libgcc'  '-mfloat-abi=hard' '-mtls-dialect=gnu' '-mthumb' '-mlibarch=armv7-a+fp' '-march=armv7-a+fp' '-dumpdir' 'CMakeFiles/cmTC_35067.dir/']
  ignore line: [ as -v -march=armv7-a+fp -mfloat-abi=hard -meabi=5 -o CMakeFiles/cmTC_35067.dir/CMakeCXXCompilerABI.cpp.o /tmp/cco46s5Y.s]
  ignore line: [GNU assembler version 2.40 (arm-linux-gnueabihf) using BFD version (GNU Binutils for Debian) 2.40]
  ignore line: [COMPILER_PATH=/usr/lib/gcc/arm-linux-gnueabihf/12/:/usr/lib/gcc/arm-linux-gnueabihf/12/:/usr/lib/gcc/arm-linux-gnueabihf/:/usr/lib/gcc/arm-linux-gnueabihf/12/:/usr/lib/gcc/arm-linux-gnueabihf/]
  ignore line: [LIBRARY_PATH=/usr/lib/gcc/arm-linux-gnueabihf/12/:/usr/lib/gcc/arm-linux-gnueabihf/12/../../../arm-linux-gnueabihf/:/usr/lib/gcc/arm-linux-gnueabihf/12/../../../:/lib/arm-linux-gnueabihf/:/lib/:/usr/lib/arm-linux-gnueabihf/:/usr/lib/]
  ignore line: [COLLECT_GCC_OPTIONS='-v' '-o' 'CMakeFiles/cmTC_35067.dir/CMakeCXXCompilerABI.cpp.o' '-c' '-shared-libgcc'  '-mfloat-abi=hard' '-mtls-dialect=gnu' '-mthumb' '-mlibarch=armv7-a+fp' '-march=armv7-a+fp' '-dumpdir' 'CMakeFiles/cmTC_35067.dir/CMakeCXXCompilerABI.cpp.']
  ignore line: [[2/2] Linking CXX executable cmTC_35067]
  ignore line: [Using built-in specs.]
  ignore line: [COLLECT_GCC=/usr/bin/c++]
  ignore line: [COLLECT_LTO_WRAPPER=/usr/lib/gcc/arm-linux-gnueabihf/12/lto-wrapper]
  ignore line: [Target: arm-linux-gnueabihf]
  ignore line: [Configured with: ../src/configure -v --with-pkgversion='Debian 12.2.0-14' --with-bugurl=file:///usr/share/doc/gcc-12/README.Bugs --enable-languages=c ada c++ go d fortran objc obj-c++ m2 --prefix=/usr --with-gcc-major-version-only --program-suffix=-12 --program-prefix=arm-linux-gnueabihf- --enable-shared --enable-linker-build-id --libexecdir=/usr/lib --without-included-gettext --enable-threads=posix --libdir=/usr/lib --enable-nls --enable-clocale=gnu --enable-libstdcxx-debug --enable-libstdcxx-time=yes --with-default-libstdcxx-abi=new --enable-gnu-unique-object --disable-libitm --disable-libquadmath --disable-libquadmath-support --enable-plugin --enable-default-pie --with-system-zlib --enable-libphobos-checking=release --with-target-system-zlib=auto --enable-objc-gc=auto --enable-multiarch --disable-sjlj-exceptions --with-arch=armv7-a+fp --with-float=hard --with-mode=thumb --disable-werror --enable-checking=release --build=arm-linux-gnueabihf --host=arm-linux-gnueabihf --target=arm-linux-gnueabihf]
  ignore line: [Thread model: posix]
  ignore line: [Supported LTO compression algorithms: zlib zstd]
  ignore line: [gcc version 12.2.0 (Debian 12.2.0-14) ]
  ignore line: [COMPILER_PATH=/usr/lib/gcc/arm-linux-gnueabihf/12/:/usr/lib/gcc/arm-linux-gnueabihf/12/:/usr/lib/gcc/arm-linux-gnueabihf/:/usr/lib/gcc/arm-linux-gnueabihf/12/:/usr/lib/gcc/arm-linux-gnueabihf/]
  ignore line: [LIBRARY_PATH=/usr/lib/gcc/arm-linux-gnueabihf/12/:/usr/lib/gcc/arm-linux-gnueabihf/12/../../../arm-linux-gnueabihf/:/usr/lib/gcc/arm-linux-gnueabihf/12/../../../:/lib/arm-linux-gnueabihf/:/lib/:/usr/lib/arm-linux-gnueabihf/:/usr/lib/]
  ignore line: [COLLECT_GCC_OPTIONS='-v' '-o' 'cmTC_35067' '-shared-libgcc'  '-mfloat-abi=hard' '-mtls-dialect=gnu' '-mthumb' '-mlibarch=armv7-a+fp' '-march=armv7-a+fp' '-dumpdir' 'cmTC_35067.']
  link line: [ /usr/lib/gcc/arm-linux-gnueabihf/12/collect2 -plugin /usr/lib/gcc/arm-linux-gnueabihf/12/liblto_plugin.so -plugin-opt=/usr/lib/gcc/arm-linux-gnueabihf/12/lto-wrapper -plugin-opt=-fresolution=/tmp/cc7bgVQN.res -plugin-opt=-pass-through=-lgcc_s -plugin-opt=-pass-through=-lgcc -plugin-opt=-pass-through=-lc -plugin-opt=-pass-through=-lgcc_s -plugin-opt=-pass-through=-lgcc --build-id --eh-frame-hdr -dynamic-linker /lib/ld-linux-armhf.so.3 -X --hash-style=gnu --as-needed -m armelf_linux_eabi -pie -o cmTC_35067 /usr/lib/gcc/arm-linux-gnueabihf/12/../../../arm-linux-gnueabihf/Scrt1.o /usr/lib/gcc/arm-linux-gnueabihf/12/../../../arm-linux-gnueabihf/crti.o /usr/lib/gcc/arm-linux-gnueabihf/12/crtbeginS.o -L/usr/lib/gcc/arm-linux-gnueabihf/12 -L/usr/lib/gcc/arm-linux-gnueabihf/12/../../../arm-linux-gnueabihf -L/usr/lib/gcc/arm-linux-gnueabihf/12/../../.. -L/lib/arm-linux-gnueabihf -L/usr/lib/arm-linux-gnueabihf CMakeFiles/cmTC_35067.dir/CMakeCXXCompilerABI.cpp.o -lstdc++ -lm -lgcc_s -lgcc -lc -lgcc_s -lgcc /usr/lib/gcc/arm-linux-gnueabihf/12/crtendS.o /usr/lib/gcc/arm-linux-gnueabihf/12/../../../arm-linux-gnueabihf/crtn.o]
    arg [/usr/lib/gcc/arm-linux-gnueabihf/12/collect2] ==> ignore
    arg [-plugin] ==> ignore
    arg [/usr/lib/gcc/arm-linux-gnueabihf/12/liblto_plugin.so] ==> ignore
    arg [-plugin-opt=/usr/lib/gcc/arm-linux-gnueabihf/12/lto-wrapper] ==> ignore
    arg [-plugin-opt=-fresolution=/tmp/cc7bgVQN.res] ==> ignore
    arg [-plugin-opt=-pass-through=-lgcc_s] ==> ignore
    arg [-plugin-opt=-pass-through=-lgcc] ==> ignore
    arg [-plugin-opt=-pass-through=-lc] ==> ignore
    arg [-plugin-opt=-pass-through=-lgcc_s] ==> ignore
    arg [-plugin-opt=-pass-through=-lgcc] ==> ignore
    arg [--build-id] ==> ignore
    arg [--eh-frame-hdr] ==> ignore
    arg [-dynamic-linker] ==> ignore
    arg [/lib/ld-linux-armhf.so.3] ==> ignore
    arg [-X] ==> ignore
    arg [--hash-style=gnu] ==> ignore
    arg [--as-needed] ==> ignore
    arg [-m] ==> ignore
    arg [armelf_linux_eabi] ==> ignore
    arg [-pie] ==> ignore
    arg [-o] ==> ignore
    arg [cmTC_35067] ==> ignore
    arg [/usr/lib/gcc/arm-linux-gnueabihf/12/../../../arm-linux-gnueabihf/Scrt1.o] ==> obj [/usr/lib/gcc/arm-linux-gnueabihf/12/../../../arm-linux-gnueabihf/Scrt1.o]
    arg [/usr/lib/gcc/arm-linux-gnueabihf/12/../../../arm-linux-gnueabihf/crti.o] ==> obj [/usr/lib/gcc/arm-linux-gnueabihf/12/../../../arm-linux-gnueabihf/crti.o]
    arg [/usr/lib/gcc/arm-linux-gnueabihf/12/crtbeginS.o] ==> obj [/usr/lib/gcc/arm-linux-gnueabihf/12/crtbeginS.o]
    arg [-L/usr/lib/gcc/arm-linux-gnueabihf/12] ==> dir [/usr/lib/gcc/arm-linux-gnueabihf/12]
    arg [-L/usr/lib/gcc/arm-linux-gnueabihf/12/../../../arm-linux-gnueabihf] ==> dir [/usr/lib/gcc/arm-linux-gnueabihf/12/../../../arm-linux-gnueabihf]
    arg [-L/usr/lib/gcc/arm-linux-gnueabihf/12/../../..] ==> dir [/usr/lib/gcc/arm-linux-gnueabihf/12/../../..]
    arg [-L/lib/arm-linux-gnueabihf] ==> dir [/lib/arm-linux-gnueabihf]
    arg [-L/usr/lib/arm-linux-gnueabihf] ==> dir [/usr/lib/arm-linux-gnueabihf]
    arg [CMakeFiles/cmTC_35067.dir/CMakeCXXCompilerABI.cpp.o] ==> ignore
    arg [-lstdc++] ==> lib [stdc++]
    arg [-lm] ==> lib [m]
    arg [-lgcc_s] ==> lib [gcc_s]
    arg [-lgcc] ==> lib [gcc]
    arg [-lc] ==> lib [c]
    arg [-lgcc_s] ==> lib [gcc_s]
    arg [-lgcc] ==> lib [gcc]
    arg [/usr/lib/gcc/arm-linux-gnueabihf/12/crtendS.o] ==> obj [/usr/lib/gcc/arm-linux-gnueabihf/12/crtendS.o]
    arg [/usr/lib/gcc/arm-linux-gnueabihf/12/../../../arm-linux-gnueabihf/crtn.o] ==> obj [/usr/lib/gcc/arm-linux-gnueabihf/12/../../../arm-linux-gnueabihf/crtn.o]
  collapse obj [/usr/lib/gcc/arm-linux-gnueabihf/12/../../../arm-linux-gnueabihf/Scrt1.o] ==> [/usr/lib/arm-linux-gnueabihf/Scrt1.o]
  collapse obj [/usr/lib/gcc/arm-linux-gnueabihf/12/../../../arm-linux-gnueabihf/crti.o] ==> [/usr/lib/arm-linux-gnueabihf/crti.o]
  collapse obj [/usr/lib/gcc/arm-linux-gnueabihf/12/../../../arm-linux-gnueabihf/crtn.o] ==> [/usr/lib/arm-linux-gnueabihf/crtn.o]
  collapse library dir [/usr/lib/gcc/arm-linux-gnueabihf/12] ==> [/usr/lib/gcc/arm-linux-gnueabihf/12]
  collapse library dir [/usr/lib/gcc/arm-linux-gnueabihf/12/../../../arm-linux-gnueabihf] ==> [/usr/lib/arm-linux-gnueabihf]
  collapse library dir [/usr/lib/gcc/arm-linux-gnueabihf/12/../../..] ==> [/usr/lib]
  collapse library dir [/lib/arm-linux-gnueabihf] ==> [/lib/arm-linux-gnueabihf]
  collapse library dir [/usr/lib/arm-linux-gnueabihf] ==> [/usr/lib/arm-linux-gnueabihf]
  implicit libs: [stdc++;m;gcc_s;gcc;c;gcc_s;gcc]
  implicit objs: [/usr/lib/arm-linux-gnueabihf/Scrt1.o;/usr/lib/arm-linux-gnueabihf/crti.o;/usr/lib/gcc/arm-linux-gnueabihf/12/crtbeginS.o;/usr/lib/gcc/arm-linux-gnueabihf/12/crtendS.o;/usr/lib/arm-linux-gnueabihf/crtn.o]
  implicit dirs: [/usr/lib/gcc/arm-linux-gnueabihf/12;/usr/lib/arm-linux-gnueabihf;/usr/lib;/lib/arm-linux-gnueabihf]
  implicit fwks: []


Performing C SOURCE FILE Test CC_HAVE_WALL succeeded with the following output:
Change Dir: /home/debian/wisun-br-linux-inesh/build/CMakeFiles/CMakeScratch/TryCompile-NEGdz3

Run Build Command(s):/usr/bin/ninja cmTC_7be8c && [1/2] Building C object CMakeFiles/cmTC_7be8c.dir/src.c.o
[2/2] Linking C executable cmTC_7be8c


Source file was:
int main(void) { return 0; }

Performing C SOURCE FILE Test CC_HAVE_WNO_FORMAT_ZERO_LENGTH succeeded with the following output:
Change Dir: /home/debian/wisun-br-linux-inesh/build/CMakeFiles/CMakeScratch/TryCompile-sDUiva

Run Build Command(s):/usr/bin/ninja cmTC_f7af8 && [1/2] Building C object CMakeFiles/cmTC_f7af8.dir/src.c.o
[2/2] Linking C executable cmTC_f7af8


Source file was:
int main(void) { return 0; }

Performing C SOURCE FILE Test CC_HAVE_WNO_STRINGOP_OVERREAD succeeded with the following output:
Change Dir: /home/debian/wisun-br-linux-inesh/build/CMakeFiles/CMakeScratch/TryCompile-dzZUuB

Run Build Command(s):/usr/bin/ninja cmTC_e1bb7 && [1/2] Building C object CMakeFiles/cmTC_e1bb7.dir/src.c.o
[2/2] Linking C executable cmTC_e1bb7


Source file was:
int main(void) { return 0; }

Performing C SOURCE FILE Test CC_HAVE_WNO_STRINGOP_OVERFLOW succeeded with the following output:
Change Dir: /home/debian/wisun-br-linux-inesh/build/CMakeFiles/CMakeScratch/TryCompile-5rJGKp

Run Build Command(s):/usr/bin/ninja cmTC_f55ed && [1/2] Building C object CMakeFiles/cmTC_f55ed.dir/src.c.o
[2/2] Linking C executable cmTC_f55ed


Source file was:
int main(void) { return 0; }

Performing C SOURCE FILE Test CC_HAVE_UNWIND_TABLES succeeded with the following output:
Change Dir: /home/debian/wisun-br-linux-inesh/build/CMakeFiles/CMakeScratch/TryCompile-nuVkHz

Run Build Command(s):/usr/bin/ninja cmTC_72691 && [1/2] Building C object CMakeFiles/cmTC_72691.dir/src.c.o
[2/2] Linking C executable cmTC_72691


Source file was:
int main(void) { return 0; }

Performing C SOURCE FILE Test CC_HAVE_RDYNAMIC succeeded with the following output:
Change Dir: /home/debian/wisun-br-linux-inesh/build/CMakeFiles/CMakeScratch/TryCompile-K3WROB

Run Build Command(s):/usr/bin/ninja cmTC_0705a && [1/2] Building C object CMakeFiles/cmTC_0705a.dir/src.c.o
[2/2] Linking C executable cmTC_0705a


Source file was:
int main(void) { return 0; }

Determining if the include file backtrace.h exists passed with the following output:
Change Dir: /home/debian/wisun-br-linux-inesh/build/CMakeFiles/CMakeScratch/TryCompile-b0YkuR

Run Build Command(s):/usr/bin/ninja cmTC_4fb85 && [1/2] Building C object CMakeFiles/cmTC_4fb85.dir/CheckIncludeFile.c.o
[2/2] Linking C executable cmTC_4fb85



Determining if the include file sys/queue.h exists passed with the following output:
Change Dir: /home/debian/wisun-br-linux-inesh/build/CMakeFiles/CMakeScratch/TryCompile-qLbCHc

Run Build Command(s):/usr/bin/ninja cmTC_b4e8b && [1/2] Building C object CMakeFiles/cmTC_b4e8b.dir/CheckIncludeFile.c.o
[2/2] Linking C executable cmTC_b4e8b



Determining if the dladdr exist passed with the following output:
Change Dir: /home/debian/wisun-br-linux-inesh/build/CMakeFiles/CMakeScratch/TryCompile-OEXYVf

Run Build Command(s):/usr/bin/ninja cmTC_14d97 && [1/2] Building C object CMakeFiles/cmTC_14d97.dir/CheckSymbolExists.c.o
[2/2] Linking C executable cmTC_14d97


File CheckSymbolExists.c:
/* */
#include <dlfcn.h>

int main(int argc, char** argv)
{
  (void)argv;
#ifndef dladdr
  return ((int*)(&dladdr))[argc];
#else
  (void)argc;
  return 0;
#endif
}
Performing C SOURCE FILE Test CMAKE_HAVE_LIBC_PTHREAD succeeded with the following output:
Change Dir: /home/debian/wisun-br-linux-inesh/build/CMakeFiles/CMakeScratch/TryCompile-NCzrQi

Run Build Command(s):/usr/bin/ninja cmTC_5d5be && [1/2] Building C object CMakeFiles/cmTC_5d5be.dir/src.c.o
[2/2] Linking C executable cmTC_5d5be


Source file was:
#include <pthread.h>

static void* test_func(void* data)
{
  return data;
}

int main(void)
{
  pthread_t thread;
  pthread_create(&thread, NULL, test_func, NULL);
  pthread_detach(thread);
  pthread_cancel(thread);
  pthread_join(thread, NULL);
  pthread_atfork(NULL, NULL, NULL);
  pthread_exit(NULL);

  return 0;
}


Determining if the mbedtls_ssl_session_init exist passed with the following output:
Change Dir: /home/debian/wisun-br-linux-inesh/build/CMakeFiles/CMakeScratch/TryCompile-34xYRj

Run Build Command(s):/usr/bin/ninja cmTC_cc210 && [1/2] Building C object CMakeFiles/cmTC_cc210.dir/CheckSymbolExists.c.o
[2/2] Linking C executable cmTC_cc210


File CheckSymbolExists.c:
/* */
#include <mbedtls/ssl.h>

int main(int argc, char** argv)
{
  (void)argv;
#ifndef mbedtls_ssl_session_init
  return ((int*)(&mbedtls_ssl_session_init))[argc];
#else
  (void)argc;
  return 0;
#endif
}
